<?xml version="1.0" encoding="UTF-8"?>
<!-- Generated by org.testng.reporters.JUnitReportReporter -->
<testsuite hostname="DESKTOP-MNSU8OR" failures="0" tests="1" name="CreateProduct.CreateServiceContractTest" time="52.745" errors="0" timestamp="2025-03-23T16:05:19 IST" skipped="0">
  <testcase classname="CreateProduct.CreateServiceContractTest" name="createServiceContract" time="52.745"/>
</testsuite> <!-- CreateProduct.CreateServiceContractTest -->
