<?xml version="1.0" encoding="UTF-8"?>
<!-- Generated by org.testng.reporters.JUnitReportReporter -->
<testsuite hostname="DESKTOP-MNSU8OR" failures="0" tests="1" name="CreateProduct.CreateInvoiceTest" time="95.606" errors="0" timestamp="2025-03-26T11:20:12 IST" skipped="0">
  <testcase classname="CreateProduct.CreateInvoiceTest" name="createInvoice" time="95.606"/>
</testsuite> <!-- CreateProduct.CreateInvoiceTest -->
