<?xml version="1.0" encoding="UTF-8"?>
<!-- Generated by org.testng.reporters.JUnitReportReporter -->
<testsuite hostname="DESKTOP-MNSU8OR" failures="0" tests="2" name="CreateProduct.CraeteProductTest" time="105.833" errors="0" timestamp="2025-03-21T15:20:33 IST" skipped="0">
  <testcase classname="CreateProduct.CraeteProductTest" name="createProduct" time="26.166"/>
  <testcase classname="CreateProduct.CraeteProductTest" name="createInvoice" time="79.667"/>
</testsuite> <!-- CreateProduct.CraeteProductTest -->
