<?xml version="1.0" encoding="UTF-8"?>
<!-- Generated by org.testng.reporters.JUnitReportReporter -->
<testsuite hostname="DESKTOP-MNSU8OR" failures="0" tests="1" name="CreateProduct.CraeteProductTest" time="48.974" errors="0" timestamp="2025-03-12T16:42:41 IST" skipped="0">
  <testcase classname="CreateProduct.CraeteProductTest" name="createInvoice" time="48.974"/>
</testsuite> <!-- CreateProduct.CraeteProductTest -->
