<?xml version="1.0" encoding="UTF-8"?>
<!-- Generated by org.testng.reporters.JUnitReportReporter -->
<testsuite hostname="DESKTOP-MNSU8OR" failures="0" tests="2" name="CreateProduct.CraeteProductTest" time="67.596" errors="0" timestamp="2025-03-20T15:38:45 IST" skipped="0">
  <testcase classname="CreateProduct.CraeteProductTest" name="createProduct" time="15.351"/>
  <testcase classname="CreateProduct.CraeteProductTest" name="createInvoice" time="52.245"/>
</testsuite> <!-- CreateProduct.CraeteProductTest -->
