<?xml version="1.0" encoding="UTF-8"?>
<!-- Generated by org.testng.reporters.JUnitReportReporter -->
<testsuite hostname="DESKTOP-MNSU8OR" failures="0" tests="1" name="CreateProduct.CreateServiceContractManditoryTest" time="45.888" errors="0" timestamp="2025-03-23T16:20:47 IST" skipped="0">
  <testcase classname="CreateProduct.CreateServiceContractManditoryTest" name="createServiceContract" time="45.888"/>
</testsuite> <!-- CreateProduct.CreateServiceContractManditoryTest -->
