<?xml version="1.0" encoding="UTF-8"?>
<!-- Generated by org.testng.reporters.JUnitReportReporter -->
<testsuite hostname="DESKTOP-MNSU8OR" failures="0" tests="1" name="CreateProduct.BrokenImages" time="18.259" errors="0" timestamp="2025-03-20T10:05:51 IST" skipped="0">
  <testcase classname="CreateProduct.BrokenImages" name="KsrtcBrokenImages" time="18.259"/>
</testsuite> <!-- CreateProduct.BrokenImages -->
