<?xml version="1.0" encoding="UTF-8"?>
<!-- Generated by org.testng.reporters.JUnitReportReporter -->
<testsuite hostname="DESKTOP-MNSU8OR" failures="0" tests="1" name="CreateProduct.CreateServiceContractTest" time="48.071" errors="0" timestamp="2025-03-24T18:23:09 IST" skipped="0">
  <testcase classname="CreateProduct.CreateServiceContractTest" name="createServiceContract" time="48.071"/>
</testsuite> <!-- CreateProduct.CreateServiceContractTest -->
